<?xml version="1.0" encoding="UTF-8"?>
<testsuite xmlns:xsi="http://www.w3.org/2001/XMLSchema-instance" xsi:noNamespaceSchemaLocation="https://maven.apache.org/surefire/maven-surefire-plugin/xsd/surefire-test-report-3.0.xsd" version="3.0" name="com.example.ratelimiter.service.RateLimiterServiceTest" time="2.968" tests="2" errors="0" skipped="0" failures="0">
  <properties>
[...]
</properties>
  <testcase name="resetsAfterWindowExpires" classname="com.example.ratelimiter.service.RateLimiterServiceTest" time="2.799">
    <system-err><![CDATA[2026-02-02 23:19:45 [main] WARN com.example.ratelimiter.service.RateLimiterService - Request denied | clientIp=test-3008d1b5-9665-499e-bf36-19b30684025d | reason=RATE_LIMIT_EXCEEDED | count=4
]]></system-err>
  </testcase>
  <testcase name="allowsUpToLimitAndDeniesAfter" classname="com.example.ratelimiter.service.RateLimiterServiceTest" time="0.011">
    <system-err><![CDATA[2026-02-02 23:19:47 [main] WARN com.example.ratelimiter.service.RateLimiterService - Request denied | clientIp=test-929998ac-d92b-444c-bcb6-84861e9b1a38 | reason=RATE_LIMIT_EXCEEDED | count=4
]]></system-err>
  </testcase>
</testsuite>